2018-11-05 15:30:57 [reactor-http-nio-1] ERROR r.n.r.PooledConnectionProvider[:300] - [id: 0x715bdd62, L:/169.254.171.33:55950 - R:wtzhangs-macbook-pro.local/169.254.171.33:8081] Pooled connection observed an error
java.io.IOException: Operation timed out
	at sun.nio.ch.FileDispatcherImpl.read0(Native Method)
	at sun.nio.ch.SocketDispatcher.read(SocketDispatcher.java:39)
	at sun.nio.ch.IOUtil.readIntoNativeBuffer(IOUtil.java:223)
	at sun.nio.ch.IOUtil.read(IOUtil.java:192)
	at sun.nio.ch.SocketChannelImpl.read(SocketChannelImpl.java:380)
	at io.netty.buffer.PooledUnsafeDirectByteBuf.setBytes(PooledUnsafeDirectByteBuf.java:288)
	at io.netty.buffer.AbstractByteBuf.writeBytes(AbstractByteBuf.java:1108)
	at io.netty.channel.socket.nio.NioSocketChannel.doReadBytes(NioSocketChannel.java:347)
	at io.netty.channel.nio.AbstractNioByteChannel$NioByteUnsafe.read(AbstractNioByteChannel.java:148)
	at io.netty.channel.nio.NioEventLoop.processSelectedKey(NioEventLoop.java:628)
	at io.netty.channel.nio.NioEventLoop.processSelectedKeysOptimized(NioEventLoop.java:563)
	at io.netty.channel.nio.NioEventLoop.processSelectedKeys(NioEventLoop.java:480)
	at io.netty.channel.nio.NioEventLoop.run(NioEventLoop.java:442)
	at io.netty.util.concurrent.SingleThreadEventExecutor$5.run(SingleThreadEventExecutor.java:884)
	at java.lang.Thread.run(Thread.java:748)
2018-11-05 16:40:31 [main] ERROR o.s.b.d.LoggingFailureAnalysisReporter[:42] - 

***************************
APPLICATION FAILED TO START
***************************

Description:

The bean 'springSecurityFilterChain', defined in class path resource [org/springframework/boot/actuate/autoconfigure/security/reactive/ReactiveManagementWebSecurityAutoConfiguration.class], could not be registered. A bean with that name has already been defined in class path resource [org/springframework/security/config/annotation/web/configuration/WebSecurityConfiguration.class] and overriding is disabled.

Action:

Consider renaming one of the beans or enabling overriding by setting spring.main.allow-bean-definition-overriding=true

2018-11-05 16:40:43 [main] ERROR o.s.b.d.LoggingFailureAnalysisReporter[:42] - 

***************************
APPLICATION FAILED TO START
***************************

Description:

The bean 'springSecurityFilterChain', defined in class path resource [org/springframework/boot/actuate/autoconfigure/security/reactive/ReactiveManagementWebSecurityAutoConfiguration.class], could not be registered. A bean with that name has already been defined in class path resource [org/springframework/security/config/annotation/web/configuration/WebSecurityConfiguration.class] and overriding is disabled.

Action:

Consider renaming one of the beans or enabling overriding by setting spring.main.allow-bean-definition-overriding=true

2018-11-05 16:54:09 [main] ERROR o.s.b.d.LoggingFailureAnalysisReporter[:42] - 

***************************
APPLICATION FAILED TO START
***************************

Description:

The bean 'springSecurityFilterChain', defined in class path resource [org/springframework/boot/actuate/autoconfigure/security/reactive/ReactiveManagementWebSecurityAutoConfiguration.class], could not be registered. A bean with that name has already been defined in class path resource [org/springframework/security/config/annotation/web/configuration/WebSecurityConfiguration.class] and overriding is disabled.

Action:

Consider renaming one of the beans or enabling overriding by setting spring.main.allow-bean-definition-overriding=true

2018-11-05 16:55:00 [main] ERROR o.s.b.d.LoggingFailureAnalysisReporter[:42] - 

***************************
APPLICATION FAILED TO START
***************************

Description:

A component required a bean of type 'org.springframework.security.config.annotation.ObjectPostProcessor' that could not be found.


Action:

Consider defining a bean of type 'org.springframework.security.config.annotation.ObjectPostProcessor' in your configuration.

2018-11-05 17:06:37 [main] ERROR o.s.b.d.LoggingFailureAnalysisReporter[:42] - 

***************************
APPLICATION FAILED TO START
***************************

Description:

A component required a bean of type 'org.springframework.security.config.annotation.ObjectPostProcessor' that could not be found.


Action:

Consider defining a bean of type 'org.springframework.security.config.annotation.ObjectPostProcessor' in your configuration.

2018-11-05 17:09:02 [http-nio-8080-exec-7] ERROR o.a.catalina.connector.CoyoteAdapter[:175] - Exception while processing an asynchronous request
java.lang.IllegalStateException: Calling [asyncError()] is not valid for a request with Async state [MUST_DISPATCH]
	at org.apache.coyote.AsyncStateMachine.asyncError(AsyncStateMachine.java:440)
	at org.apache.coyote.AbstractProcessor.action(AbstractProcessor.java:494)
	at org.apache.coyote.Request.action(Request.java:430)
	at org.apache.catalina.core.AsyncContextImpl.setErrorState(AsyncContextImpl.java:382)
	at org.apache.catalina.connector.CoyoteAdapter.asyncDispatch(CoyoteAdapter.java:239)
	at org.apache.coyote.AbstractProcessor.dispatch(AbstractProcessor.java:241)
	at org.apache.coyote.AbstractProcessorLight.process(AbstractProcessorLight.java:53)
	at org.apache.coyote.AbstractProtocol$ConnectionHandler.process(AbstractProtocol.java:770)
	at org.apache.tomcat.util.net.NioEndpoint$SocketProcessor.doRun(NioEndpoint.java:1415)
	at org.apache.tomcat.util.net.SocketProcessorBase.run(SocketProcessorBase.java:49)
	at java.util.concurrent.ThreadPoolExecutor.runWorker(ThreadPoolExecutor.java:1149)
	at java.util.concurrent.ThreadPoolExecutor$Worker.run(ThreadPoolExecutor.java:624)
	at org.apache.tomcat.util.threads.TaskThread$WrappingRunnable.run(TaskThread.java:61)
	at java.lang.Thread.run(Thread.java:748)
